0 1
1 4
2 8
3 16
4 22
5 35
6 42
7 55
8 68
9 90
10 108
11 128
12 152
13 168
14 200
15 219
16 257
17 279
18 317
19 341
20 387
21 416
22 460
23 495
24 543
25 579
26 636
27 679
28 732
29 770
30 830
31 881
32 947
33 997
34 1070
35 1125
36 1197
37 1263
38 1333
39 1400
40 1467
41 1546
42 1612
43 1696
44 1765
45 1851
46 1912
47 2010
48 2072
49 2183
50 2250
51 2377
52 2435
53 2566
54 2625
55 2748
56 2815
57 2940
58 3016
59 3144
60 3226
61 3341
62 3469
63 3597
64 3740
65 3859
66 4004
67 4127
68 4276
69 4367
70 4524
71 4618
72 4780
73 4875
74 5041
75 5134
76 5310
77 5402
78 5590
79 5678
80 5865
81 5973
82 6158
83 6274
84 6451
85 6574
86 6750
87 6870
88 7059
89 7194
90 7363
91 7516
92 7681
93 7849
94 8015
95 8189
96 8350
97 8536
98 8712
99 8886
100 9065
101 9250
102 9424
103 9613
104 9790
105 9978
106 10165
107 10348
108 10544
109 10737
110 10932
111 11126
112 11331
113 11516
114 11720
115 11915
116 12128
117 12328
118 12546
119 12740
120 12961
121 13156
122 13400
123 13589
124 13843
125 14036
126 14263
127 14476
128 14702
129 14922
130 15157
131 15389
132 15625
133 15856
134 16091
135 16327
136 16555
137 16813
138 17028
139 17306
140 17534
141 17802
142 18036
143 18302
144 18526
145 18803
146 19035
147 19318
148 19554
149 19833
150 20072
151 20361
152 20609
153 20893
154 21145
155 21427
156 21693
157 21990
158 22262
159 22542
160 22796
161 23099
162 23370
163 23683
164 23970
165 24282
166 24567
167 24875
168 25173
169 25478
170 25765
171 26071
172 26364
173 26678
174 26971
175 27286
176 27579
177 27877
178 28185
179 28499
180 28828
181 29155
182 29503
183 29802
184 30158
185 30452
186 30791
187 31093
188 31436
189 31755
190 32103
191 32429
192 32748
193 33154
194 33531
195 33967
196 34324
197 34755
198 35116
199 35551
200 35844
201 36242
202 36548
203 36956
204 37269
205 37675
206 37983
207 38389
208 38703
209 39134
210 39441
211 39873
212 40208
213 40634
214 40972
215 41390
216 41723
217 42137
218 42463
219 42907
220 43259
221 43665
222 44040
223 44442
224 44841
225 45246
226 45645
227 46042
228 46461
229 46881
230 47278
231 47699
232 48111
233 48511
234 48927
235 49333
236 49750
237 50170
238 50577
239 51015
240 51429
241 51863
242 52275
243 52727
244 53117
245 53564
246 53970
247 54429
248 54845
249 55308
250 55716
251 56178
252 56587
253 57090
254 57482
255 57997
256 58394
257 58855
258 59290
259 59746
260 60189
261 60660
262 61123
263 61592
264 62050
265 62512
266 62978
267 63421
268 63930
269 64347
270 64890
271 65324
272 65842
273 66290
274 66798
275 67230
276 67752
277 68197
278 68725
279 69175
280 69695
281 70149
282 70681
283 71148
284 71672
285 72141
286 72657
287 73153
288 73690
289 74191
290 74698
291 75168
292 75714
293 76205
294 76765
295 77289
296 77840
297 78355
298 78899
299 79429
300 79969
301 80476
302 81021
303 81528
304 82090
305 82592
306 83153
307 83653
308 84188
309 84706
310 85272
311 85819
312 86406
313 86975
314 87515
315 88096
316 88625
317 89180
318 89717
319 90278
320 90840
321 91408
322 91978
323 92501
324 93185
325 93811
326 94540
327 95135
328 95852
329 96451
330 97172
331 97667
332 98306
333 98824
334 99478
335 100009
336 100655
337 101178
338 101814
339 102350
340 103024
341 103550
342 104227
343 104789
344 105456
345 106016
346 106675
347 107218
348 107870
349 108402
350 109101
351 109670
352 110313
353 110910
354 111549
355 112179
356 112823
357 113447
358 114080
359 114732
360 115396
361 116016
362 116679
363 117318
364 117944
365 118587
366 119222
367 119868
368 120521
369 121152
370 121832
371 122467
372 123140
373 123770
374 124469
375 125064
376 125754
377 126371
378 127076
379 127708
380 128416
381 129038
382 129741
383 130364
384 131126
385 131721
386 132497
387 133098
388 133793
389 134450
390 135136
391 135802
392 136509
393 137203
394 137905
395 138590
396 139279
397 139975
398 140633
399 141393
400 142012
401 142820
402 143460
403 144228
404 144890
405 145640
406 146280
407 147047
408 147705
409 148478
410 149142
411 149903
412 150572
413 151347
414 152033
415 152797
416 153483
417 154233
418 154959
419 155736
420 156466
421 157200
422 157886
423 158675
424 159386
425 160193
426 160954
427 161744
428 162489
429 163269
430 164031
431 164806
432 165533
433 166317
434 167038
435 167848
436 168559
437 169366
438 170073
439 170845
440 171573
441 172391
442 173156
443 174003
444 174793
445 175574
446 176380
447 177144
448 177915
449 178687
450 179466
451 180271
452 181059
453 181873
454 182600
455 183562
456 184437
457 185459
458 186292
459 187295
460 188132
461 189139
462 189836
463 190716
464 191446
465 192346
466 193095
467 193981
468 194719
469 195585
470 196343
471 197260
472 198005
473 198927
474 199716
475 200624
476 201406
477 202306
478 203059
479 203949
480 204687
481 205641
482 206427
483 207307
484 208126
485 209002
486 209863
487 210746
488 211595
489 212464
490 213349
491 214257
492 215100
493 216005
494 216871
495 217723
496 218593
497 219457
498 220332
499 221218
500 222073
501 222995
502 223851
503 224763
504 225611
505 226557
506 227357
507 228290
508 229118
509 230069
510 230917
511 231870
512 232706
513 233650
514 234487
515 235508
516 236306
517 237343
518 238148
519 239077
520 239956
521 240872
522 241761
523 242704
524 243629
525 244564
526 245476
527 246392
528 247318
529 248191
530 249202
531 250023
532 251096
533 251942
534 252960
535 253836
536 254828
537 255676
538 256688
539 257559
540 258577
541 259455
542 260457
543 261341
544 262359
545 263264
546 264268
547 265171
548 266155
549 267111
550 268128
551 269087
552 270048
553 270950
554 271982
555 272913
556 273967
557 274965
558 275994
559 276969
560 277985
561 278979
562 279989
563 280936
564 281959
565 282894
566 283952
567 284872
568 285925
569 286839
570 287848
571 288786
572 289856
573 290839
574 291946
575 292957
576 293979
577 295010
578 296009
579 296996
580 298003
581 299000
582 300048
583 301056
584 302114
585 303045
586 304285
587 305409
588 306724
589 307795
590 309084
591 310159
592 311452
593 312351
594 313472
595 314414
596 315560
597 316527
598 317653
599 318606
600 319702
601 320682
602 321842
603 322806
604 323973
605 324989
606 326138
607 327142
608 328283
609 329246
610 330374
611 331318
612 332527
613 333530
614 334647
615 335688
616 336801
617 337893
618 339015
619 340089
620 341194
621 342312
622 343464
623 344530
624 345677
625 346770
626 347848
627 348945
628 350038
629 351142
630 352261
631 353340
632 354504
633 355581
634 356732
635 357798
636 358991
637 359996
638 361172
639 362211
640 363408
641 364472
642 365670
643 366720
644 367905
645 368956
646 370236
647 371237
648 372535
649 373544
650 374707
651 375808
652 376954
653 378066
654 379245
655 380401
656 381569
657 382708
658 383851
659 385007
660 386095
661 387357
662 388380
663 389718
664 390770
665 392038
666 393128
667 394362
668 395418
669 396675
670 397759
671 399022
672 400114
673 401357
674 402456
675 403717
676 404841
677 406085
678 407205
679 408423
680 409609
681 410866
682 412054
683 413242
684 414360
685 415635
686 416786
687 418087
688 419322
689 420590
690 421795
691 423047
692 424273
693 425518
694 426685
695 427947
696 429096
697 430402
698 431531
699 432830
700 433951
701 435197
702 436345
703 437667
704 438868
705 440235
706 441467
707 442730
708 443986
709 445220
710 446423
711 447665
712 448880
713 450171
714 451399
715 452701
716 453836
717 455354
718 456727
719 458335
720 459644
721 461219
722 462532
723 464111
724 465212
725 466574
726 467728
727 469120
728 470305
729 471671
730 472839
731 474165
732 475367
733 476770
734 477953
735 479365
736 480608
737 481998
738 483224
739 484606
740 485779
741 487145
742 488295
743 489759
744 490979
745 492333
746 493596
747 494946
748 496269
749 497630
750 498929
751 500270
752 501621
753 503017
754 504306
755 505695
756 507015
757 508319
758 509643
759 510965
760 512298
761 513650
762 514953
763 516359
764 517657
765 519047
766 520331
767 521771
768 522981
769 524400
770 525650
771 527093
772 528373
773 529816
774 531080
775 532506
776 533771
777 535310
778 536514
779 538073
780 539286
781 540683
782 542006
783 543382
784 544717
785 546132
786 547519
787 548920
788 550286
789 551656
790 553042
791 554345
792 555858
793 557083
794 558686
795 559944
796 561462
797 562766
798 564242
799 565506
800 567008
801 568305
802 569813
803 571119
804 572603
805 573917
806 575421
807 576764
808 578248
809 579585
810 581037
811 582453
812 583950
813 585367
814 586782
815 588116
816 589634
817 591005
818 592553
819 594025
820 595532
821 596967
822 598455
823 599913
824 601393
825 602780
826 604281
827 605644
828 607198
829 608536
830 610081
831 611409
832 612892
833 614250
834 615824
835 617243
836 618870
837 620323
838 621827
839 623308
840 624777
841 626196
842 627673
843 629106
844 630640
845 632088
846 633634
847 634973
848 636769
849 638391
850 640292
851 641839
852 643700
853 645251
854 647116
855 648419
856 650022
857 651388
858 653026
859 654429
860 656035
861 657418
862 658974
863 660398
864 662044
865 663446
866 665103
867 666573
868 668204
869 669652
870 671275
871 672658
872 674262
873 675618
874 677337
875 678774
876 680365
877 681850
878 683437
879 684991
880 686591
881 688115
882 689692
883 691276
884 692916
885 694428
886 696059
887 697606
888 699136
889 700687
890 702238
891 703800
892 705385
893 706912
894 708560
895 710079
896 711708
897 713210
898 714897
899 716312
900 717974
901 719435
902 721124
903 722620
904 724308
905 725786
906 727453
907 728932
908 730730
909 732137
910 733957
911 735374
912 737005
913 738550
914 740156
915 741714
916 743365
917 744983
918 746617
919 748210
920 749807
921 751423
922 752941
923 754705
924 756132
925 758000
926 759464
927 761232
928 762750
929 764468
930 765940
931 767687
932 769197
933 770950
934 772470
935 774195
936 775724
937 777471
938 779033
939 780757
940 782311
941 783997
942 785643
943 787380
944 789026
945 790668
946 792218
947 793979
948 795570
949 797365
950 799074
951 800820
952 802485
953 804209
954 805899
955 807614
956 809221
957 810961
958 812538
959 814340
960 815887
961 817678
962 819213
963 820933
964 822501
965 824327
966 825964
967 827851
968 829525
969 831270
970 832976
971 834680
972 836315
973 838027
974 839678
975 841455
976 843123
977 844913
978 846456
979 848530
980 850401
981 852595
982 854380
983 856527
984 858316
985 860467
986 861972
987 863816
988 865394
989 867278
990 868899
991 870745
992 872343
993 874129
994 875775
995 877664
996 879285
997 881187
998 882884
999 884756
1000 886426
1001 888290
1002 889883
1003 891725
1004 893287
1005 895261
1006 896915
1007 898743
1008 900450
1009 902274
1010 904059
1011 905898
1012 907647
1013 909460
1014 911277
1015 913161
1016 914896
1017 916769
1018 918543
1019 920299
1020 922077
1021 923857
1022 925648
1023 927466
1024 929217
1025 931107
1026 932847
1027 934715
1028 936435
1029 938369
1030 939989
1031 941894
1032 943566
1033 945501
1034 947213
1035 949146
1036 950838
1037 952746
1038 954439
1039 956496
1040 958106
1041 960187
1042 961808
1043 963673
1044 965440
1045 967276
1046 969057
1047 970944
1048 972793
1049 974660
1050 976480
1051 978304
1052 980150
1053 981883
1054 983898
1055 985527
1056 987660
1057 989330
1058 991348
1059 993080
1060 995040
1061 996720
1062 998712
1063 1000435
1064 1002433
1065 1004167
1066 1006133
1067 1007877
1068 1009867
1069 1011648
1070 1013612
1071 1015383
1072 1017303
1073 1019179
1074 1021156
1075 1023031
1076 1024900
1077 1026666
1078 1028670
1079 1030481
1080 1032523
1081 1034469
1082 1036454
1083 1038349
1084 1040309
1085 1042231
1086 1044181
1087 1046008
1088 1047987
1089 1049778
1090 1051828
1091 1053584
1092 1055621
1093 1057363
1094 1059320
1095 1061098
1096 1063176
1097 1065031
1098 1067178
1099 1069073
1100 1071059
1101 1072990
1102 1074929
1103 1076780
1104 1078727
1105 1080596
1106 1082616
1107 1084504
1108 1086538
1109 1088285
1110 1090637
1111 1092757
1112 1095244
1113 1097267
1114 1099700
1115 1101727
1116 1104164
1117 1105871
1118 1107956
1119 1109746
1120 1111876
1121 1113715
1122 1115801
1123 1117614
1124 1119630
1125 1121498
1126 1123630
1127 1125470
1128 1127617
1129 1129541
1130 1131654
1131 1133546
1132 1135651
1133 1137454
1134 1139534
1135 1141302
1136 1143531
1137 1145402
1138 1147467
1139 1149396
1140 1151457
1141 1153473
1142 1155551
1143 1157525
1144 1159574
1145 1161624
1146 1163752
1147 1165710
1148 1167825
1149 1169826
1150 1171808
1151 1173813
1152 1175822
1153 1177842
1154 1179893
1155 1181868
1156 1184000
1157 1185961
1158 1188068
1159 1190006
1160 1192187
1161 1194012
1162 1196160
1163 1198043
1164 1200224
1165 1202152
1166 1204330
1167 1206236
1168 1208385
1169 1210292
1170 1212608
1171 1214421
1172 1216763
1173 1218588
1174 1220687
1175 1222676
1176 1224742
1177 1226746
1178 1228869
1179 1230949
1180 1233049
1181 1235096
1182 1237147
1183 1239223
1184 1241171
1185 1243437
1186 1245268
1187 1247666
1188 1249542
1189 1251810
1190 1253756
1191 1255958
1192 1257846
1193 1260083
1194 1262019
1195 1264262
1196 1266210
1197 1268417
1198 1270376
1199 1272609
1200 1274609
1201 1276813
1202 1278801
1203 1280955
1204 1283061
1205 1285278
1206 1287382
1207 1289478
1208 1291460
1209 1293707
1210 1295738
1211 1298027
1212 1300210
1213 1302434
1214 1304559
1215 1306755
1216 1308909
1217 1311094
1218 1313141
1219 1315359
1220 1317364
1221 1319662
1222 1321627
1223 1323910
1224 1325859
1225 1328053
1226 1330041
1227 1332371
1228 1334444
1229 1336851
1230 1338967
1231 1341194
1232 1343350
1233 1345524
1234 1347591
1235 1349773
1236 1351860
1237 1354123
1238 1356231
1239 1358509
1240 1360460
1241 1363090
1242 1365459
1243 1368239
1244 1370500
1245 1373219
1246 1375484
1247 1378207
1248 1380116
1249 1382442
1250 1384444
1251 1386820
1252 1388877
1253 1391203
1254 1393231
1255 1395477
1256 1397567
1257 1399942
1258 1402001
1259 1404393
1260 1406544
1261 1408898
1262 1411012
1263 1413358
1264 1415371
1265 1417689
1266 1419663
1267 1422147
1268 1424235
1269 1426537
1270 1428688
1271 1430986
1272 1433233
1273 1435550
1274 1437749
1275 1440034
1276 1442317
1277 1444689
1278 1446870
1279 1449227
1280 1451455
1281 1453663
1282 1455895
1283 1458133
1284 1460382
1285 1462666
1286 1464865
1287 1467239
1288 1469421
1289 1471767
1290 1473923
1291 1476351
1292 1478381
1293 1480772
1294 1482866
1295 1485293
1296 1487437
1297 1489860
1298 1491980
1299 1494370
1300 1496491
1301 1499066
1302 1501082
1303 1503685
1304 1505714
1305 1508047
1306 1510258
1307 1512554
1308 1514781
1309 1517140
1310 1519451
0 1 1 1
1 4 3 2
2 8 4 1
3 16 8 4
4 22 6 -2
5 35 13 7
6 42 7 -6
7 55 13 6
8 68 13 0
9 90 22 9
10 108 18 -4
11 128 20 2
12 152 24 4
13 168 16 -8
14 200 32 16
15 219 19 -13
16 257 38 19
17 279 22 -16
18 317 38 16
19 341 24 -14
20 387 46 22
21 416 29 -17
22 460 44 15
23 495 35 -9
24 543 48 13
25 579 36 -12
26 636 57 21
27 679 43 -14
28 732 53 10
29 770 38 -15
30 830 60 22
31 881 51 -9
32 947 66 15
33 997 50 -16
34 1070 73 23
35 1125 55 -18
36 1197 72 17
37 1263 66 -6
38 1333 70 4
39 1400 67 -3
40 1467 67 0
41 1546 79 12
42 1612 66 -13
43 1696 84 18
44 1765 69 -15
45 1851 86 17
46 1912 61 -25
47 2010 98 37
48 2072 62 -36
49 2183 111 49
50 2250 67 -44
51 2377 127 60
52 2435 58 -69
53 2566 131 73
54 2625 59 -72
55 2748 123 64
56 2815 67 -56
57 2940 125 58
58 3016 76 -49
59 3144 128 52
60 3226 82 -46
61 3341 115 33
62 3469 128 13
63 3597 128 0
64 3740 143 15
65 3859 119 -24
66 4004 145 26
67 4127 123 -22
68 4276 149 26
69 4367 91 -58
70 4524 157 66
71 4618 94 -63
72 4780 162 68
73 4875 95 -67
74 5041 166 71
75 5134 93 -73
76 5310 176 83
77 5402 92 -84
78 5590 188 96
79 5678 88 -100
80 5865 187 99
81 5973 108 -79
82 6158 185 77
83 6274 116 -69
84 6451 177 61
85 6574 123 -54
86 6750 176 53
87 6870 120 -56
88 7059 189 69
89 7194 135 -54
90 7363 169 34
91 7516 153 -16
92 7681 165 12
93 7849 168 3
94 8015 166 -2
95 8189 174 8
96 8350 161 -13
97 8536 186 25
98 8712 176 -10
99 8886 174 -2
100 9065 179 5
101 9250 185 6
102 9424 174 -11
103 9613 189 15
104 9790 177 -12
105 9978 188 11
106 10165 187 -1
107 10348 183 -4
108 10544 196 13
109 10737 193 -3
110 10932 195 2
111 11126 194 -1
112 11331 205 11
113 11516 185 -20
114 11720 204 19
115 11915 195 -9
116 12128 213 18
117 12328 200 -13
118 12546 218 18
119 12740 194 -24
120 12961 221 27
121 13156 195 -26
122 13400 244 49
123 13589 189 -55
124 13843 254 65
125 14036 193 -61
126 14263 227 34
127 14476 213 -14
128 14702 226 13
129 14922 220 -6
130 15157 235 15
131 15389 232 -3
132 15625 236 4
133 15856 231 -5
134 16091 235 4
135 16327 236 1
136 16555 228 -8
137 16813 258 30
138 17028 215 -43
139 17306 278 63
140 17534 228 -50
141 17802 268 40
142 18036 234 -34
143 18302 266 32
144 18526 224 -42
145 18803 277 53
146 19035 232 -45
147 19318 283 51
148 19554 236 -47
149 19833 279 43
150 20072 239 -40
151 20361 289 50
152 20609 248 -41
153 20893 284 36
154 21145 252 -32
155 21427 282 30
156 21693 266 -16
157 21990 297 31
158 22262 272 -25
159 22542 280 8
160 22796 254 -26
161 23099 303 49
162 23370 271 -32
163 23683 313 42
164 23970 287 -26
165 24282 312 25
166 24567 285 -27
167 24875 308 23
168 25173 298 -10
169 25478 305 7
170 25765 287 -18
171 26071 306 19
172 26364 293 -13
173 26678 314 21
174 26971 293 -21
175 27286 315 22
176 27579 293 -22
177 27877 298 5
178 28185 308 10
179 28499 314 6
180 28828 329 15
181 29155 327 -2
182 29503 348 21
183 29802 299 -49
184 30158 356 57
185 30452 294 -62
186 30791 339 45
187 31093 302 -37
188 31436 343 41
189 31755 319 -24
190 32103 348 29
191 32429 326 -22
192 32748 319 -7
193 33154 406 87
194 33531 377 -29
195 33967 436 59
196 34324 357 -79
197 34755 431 74
198 35116 361 -70
199 35551 435 74
200 35844 293 -142
201 36242 398 105
202 36548 306 -92
203 36956 408 102
204 37269 313 -95
205 37675 406 93
206 37983 308 -98
207 38389 406 98
208 38703 314 -92
209 39134 431 117
210 39441 307 -124
211 39873 432 125
212 40208 335 -97
213 40634 426 91
214 40972 338 -88
215 41390 418 80
216 41723 333 -85
217 42137 414 81
218 42463 326 -88
219 42907 444 118
220 43259 352 -92
221 43665 406 54
222 44040 375 -31
223 44442 402 27
224 44841 399 -3
225 45246 405 6
226 45645 399 -6
227 46042 397 -2
228 46461 419 22
229 46881 420 1
230 47278 397 -23
231 47699 421 24
232 48111 412 -9
233 48511 400 -12
234 48927 416 16
235 49333 406 -10
236 49750 417 11
237 50170 420 3
238 50577 407 -13
239 51015 438 31
240 51429 414 -24
241 51863 434 20
242 52275 412 -22
243 52727 452 40
244 53117 390 -62
245 53564 447 57
246 53970 406 -41
247 54429 459 53
248 54845 416 -43
249 55308 463 47
250 55716 408 -55
251 56178 462 54
252 56587 409 -53
253 57090 503 94
254 57482 392 -111
255 57997 515 123
256 58394 397 -118
257 58855 461 64
258 59290 435 -26
259 59746 456 21
260 60189 443 -13
261 60660 471 28
262 61123 463 -8
263 61592 469 6
264 62050 458 -11
265 62512 462 4
266 62978 466 4
267 63421 443 -23
268 63930 509 66
269 64347 417 -92
270 64890 543 126
271 65324 434 -109
272 65842 518 84
273 66290 448 -70
274 66798 508 60
275 67230 432 -76
276 67752 522 90
277 68197 445 -77
278 68725 528 83
279 69175 450 -78
280 69695 520 70
281 70149 454 -66
282 70681 532 78
283 71148 467 -65
284 71672 524 57
285 72141 469 -55
286 72657 516 47
287 73153 496 -20
288 73690 537 41
289 74191 501 -36
290 74698 507 6
291 75168 470 -37
292 75714 546 76
293 76205 491 -55
294 76765 560 69
295 77289 524 -36
296 77840 551 27
297 78355 515 -36
298 78899 544 29
299 79429 530 -14
300 79969 540 10
301 80476 507 -33
302 81021 545 38
303 81528 507 -38
304 82090 562 55
305 82592 502 -60
306 83153 561 59
307 83653 500 -61
308 84188 535 35
309 84706 518 -17
310 85272 566 48
311 85819 547 -19
312 86406 587 40
313 86975 569 -18
314 87515 540 -29
315 88096 581 41
316 88625 529 -52
317 89180 555 26
318 89717 537 -18
319 90278 561 24
320 90840 562 1
321 91408 568 6
322 91978 570 2
323 92501 523 -47
324 93185 684 161
325 93811 626 -58
326 94540 729 103
327 95135 595 -134
328 95852 717 122
329 96451 599 -118
330 97172 721 122
331 97667 495 -226
332 98306 639 144
333 98824 518 -121
334 99478 654 136
335 100009 531 -123
336 100655 646 115
337 101178 523 -123
338 101814 636 113
339 102350 536 -100
340 103024 674 138
341 103550 526 -148
342 104227 677 151
343 104789 562 -115
344 105456 667 105
345 106016 560 -107
346 106675 659 99
347 107218 543 -116
348 107870 652 109
349 108402 532 -120
350 109101 699 167
351 109670 569 -130
352 110313 643 74
353 110910 597 -46
354 111549 639 42
355 112179 630 -9
356 112823 644 14
357 113447 624 -20
358 114080 633 9
359 114732 652 19
360 115396 664 12
361 116016 620 -44
362 116679 663 43
363 117318 639 -24
364 117944 626 -13
365 118587 643 17
366 119222 635 -8
367 119868 646 11
368 120521 653 7
369 121152 631 -22
370 121832 680 49
371 122467 635 -45
372 123140 673 38
373 123770 630 -43
374 124469 699 69
375 125064 595 -104
376 125754 690 95
377 126371 617 -73
378 127076 705 88
379 127708 632 -73
380 128416 708 76
381 129038 622 -86
382 129741 703 81
383 130364 623 -80
384 131126 762 139
385 131721 595 -167
386 132497 776 181
387 133098 601 -175
388 133793 695 94
389 134450 657 -38
390 135136 686 29
391 135802 666 -20
392 136509 707 41
393 137203 694 -13
394 137905 702 8
395 138590 685 -17
396 139279 689 4
397 139975 696 7
398 140633 658 -38
399 141393 760 102
400 142012 619 -141
401 142820 808 189
402 143460 640 -168
403 144228 768 128
404 144890 662 -106
405 145640 750 88
406 146280 640 -110
407 147047 767 127
408 147705 658 -109
409 148478 773 115
410 149142 664 -109
411 149903 761 97
412 150572 669 -92
413 151347 775 106
414 152033 686 -89
415 152797 764 78
416 153483 686 -78
417 154233 750 64
418 154959 726 -24
419 155736 777 51
420 156466 730 -47
421 157200 734 4
422 157886 686 -48
423 158675 789 103
424 159386 711 -78
425 160193 807 96
426 160954 761 -46
427 161744 790 29
428 162489 745 -45
429 163269 780 35
430 164031 762 -18
431 164806 775 13
432 165533 727 -48
433 166317 784 57
434 167038 721 -63
435 167848 810 89
436 168559 711 -99
437 169366 807 96
438 170073 707 -100
439 170845 772 65
440 171573 728 -44
441 172391 818 90
442 173156 765 -53
443 174003 847 82
444 174793 790 -57
445 175574 781 -9
446 176380 806 25
447 177144 764 -42
448 177915 771 7
449 178687 772 1
450 179466 779 7
451 180271 805 26
452 181059 788 -17
453 181873 814 26
454 182600 727 -87
455 183562 962 235
456 184437 875 -87
457 185459 1022 147
458 186292 833 -189
459 187295 1003 170
460 188132 837 -166
461 189139 1007 170
462 189836 697 -310
463 190716 880 183
464 191446 730 -150
465 192346 900 170
466 193095 749 -151
467 193981 886 137
468 194719 738 -148
469 195585 866 128
470 196343 758 -108
471 197260 917 159
472 198005 745 -172
473 198927 922 177
474 199716 789 -133
475 200624 908 119
476 201406 782 -126
477 202306 900 118
478 203059 753 -147
479 203949 890 137
480 204687 738 -152
481 205641 954 216
482 206427 786 -168
483 207307 880 94
484 208126 819 -61
485 209002 876 57
486 209863 861 -15
487 210746 883 22
488 211595 849 -34
489 212464 869 20
490 213349 885 16
491 214257 908 23
492 215100 843 -65
493 216005 905 62
494 216871 866 -39
495 217723 852 -14
496 218593 870 18
497 219457 864 -6
498 220332 875 11
499 221218 886 11
500 222073 855 -31
501 222995 922 67
502 223851 856 -66
503 224763 912 56
504 225611 848 -64
505 226557 946 98
506 227357 800 -146
507 228290 933 133
508 229118 828 -105
509 230069 951 123
510 230917 848 -103
511 231870 953 105
512 232706 836 -117
513 233650 944 108
514 234487 837 -107
515 235508 1021 184
516 236306 798 -223
517 237343 1037 239
518 238148 805 -232
519 239077 929 124
520 239956 879 -50
521 240872 916 37
522 241761 889 -27
523 242704 943 54
524 243629 925 -18
525 244564 935 10
526 245476 912 -23
527 246392 916 4
528 247318 926 10
529 248191 873 -53
530 249202 1011 138
531 250023 821 -190
532 251096 1073 252
533 251942 846 -227
534 252960 1018 172
535 253836 876 -142
536 254828 992 116
537 255676 848 -144
538 256688 1012 164
539 257559 871 -141
540 258577 1018 147
541 259455 878 -140
542 260457 1002 124
543 261341 884 -118
544 262359 1018 134
545 263264 905 -113
546 264268 1004 99
547 265171 903 -101
548 266155 984 81
549 267111 956 -28
550 268128 1017 61
551 269087 959 -58
552 270048 961 2
553 270950 902 -59
554 271982 1032 130
555 272913 931 -101
556 273967 1054 123
557 274965 998 -56
558 275994 1029 31
559 276969 975 -54
560 277985 1016 41
561 278979 994 -22
562 279989 1010 16
563 280936 947 -63
564 281959 1023 76
565 282894 935 -88
566 283952 1058 123
567 284872 920 -138
568 285925 1053 133
569 286839 914 -139
570 287848 1009 95
571 288786 938 -71
572 289856 1070 132
573 290839 983 -87
574 291946 1107 124
575 292957 1011 -96
576 293979 1022 11
577 295010 1031 9
578 296009 999 -32
579 296996 987 -12
580 298003 1007 20
581 299000 997 -10
582 300048 1048 51
583 301056 1008 -40
584 302114 1058 50
585 303045 931 -127
586 304285 1240 309
587 305409 1124 -116
588 306724 1315 191
589 307795 1071 -244
590 309084 1289 218
591 310159 1075 -214
592 311452 1293 218
593 312351 899 -394
594 313472 1121 222
595 314414 942 -179
596 315560 1146 204
597 316527 967 -179
598 317653 1126 159
599 318606 953 -173
600 319702 1096 143
601 320682 980 -116
602 321842 1160 180
603 322806 964 -196
604 323973 1167 203
605 324989 1016 -151
606 326138 1149 133
607 327142 1004 -145
608 328283 1141 137
609 329246 963 -178
610 330374 1128 165
611 331318 944 -184
612 332527 1209 265
613 333530 1003 -206
614 334647 1117 114
615 335688 1041 -76
616 336801 1113 72
617 337893 1092 -21
618 339015 1122 30
619 340089 1074 -48
620 341194 1105 31
621 342312 1118 13
622 343464 1152 34
623 344530 1066 -86
624 345677 1147 81
625 346770 1093 -54
626 347848 1078 -15
627 348945 1097 19
628 350038 1093 -4
629 351142 1104 11
630 352261 1119 15
631 353340 1079 -40
632 354504 1164 85
633 355581 1077 -87
634 356732 1151 74
635 357798 1066 -85
636 358991 1193 127
637 359996 1005 -188
638 361172 1176 171
639 362211 1039 -137
640 363408 1197 158
641 364472 1064 -133
642 365670 1198 134
643 366720 1050 -148
644 367905 1185 135
645 368956 1051 -134
646 370236 1280 229
647 371237 1001 -279
648 372535 1298 297
649 373544 1009 -289
650 374707 1163 154
651 375808 1101 -62
652 376954 1146 45
653 378066 1112 -34
654 379245 1179 67
655 380401 1156 -23
656 381569 1168 12
657 382708 1139 -29
658 383851 1143 4
659 385007 1156 13
660 386095 1088 -68
661 387357 1262 174
662 388380 1023 -239
663 389718 1338 315
664 390770 1052 -286
665 392038 1268 216
666 393128 1090 -178
667 394362 1234 144
668 395418 1056 -178
669 396675 1257 201
670 397759 1084 -173
671 399022 1263 179
672 400114 1092 -171
673 401357 1243 151
674 402456 1099 -144
675 403717 1261 162
676 404841 1124 -137
677 406085 1244 120
678 407205 1120 -124
679 408423 1218 98
680 409609 1186 -32
681 410866 1257 71
682 412054 1188 -69
683 413242 1188 0
684 414360 1118 -70
685 415635 1275 157
686 416786 1151 -124
687 418087 1301 150
688 419322 1235 -66
689 420590 1268 33
690 421795 1205 -63
691 423047 1252 47
692 424273 1226 -26
693 425518 1245 19
694 426685 1167 -78
695 427947 1262 95
696 429096 1149 -113
697 430402 1306 157
698 431531 1129 -177
699 432830 1299 170
700 433951 1121 -178
701 435197 1246 125
702 436345 1148 -98
703 437667 1322 174
704 438868 1201 -121
705 440235 1367 166
706 441467 1232 -135
707 442730 1263 31
708 443986 1256 -7
709 445220 1234 -22
710 446423 1203 -31
711 447665 1242 39
712 448880 1215 -27
713 450171 1291 76
714 451399 1228 -63
715 452701 1302 74
716 453836 1135 -167
717 455354 1518 383
718 456727 1373 -145
719 458335 1608 235
720 459644 1309 -299
721 461219 1575 266
722 462532 1313 -262
723 464111 1579 266
724 465212 1101 -478
725 466574 1362 261
726 467728 1154 -208
727 469120 1392 238
728 470305 1185 -207
729 471671 1366 181
730 472839 1168 -198
731 474165 1326 158
732 475367 1202 -124
733 476770 1403 201
734 477953 1183 -220
735 479365 1412 229
736 480608 1243 -169
737 481998 1390 147
738 483224 1226 -164
739 484606 1382 156
740 485779 1173 -209
741 487145 1366 193
742 488295 1150 -216
743 489759 1464 314
744 490979 1220 -244
745 492333 1354 134
746 493596 1263 -91
747 494946 1350 87
748 496269 1323 -27
749 497630 1361 38
750 498929 1299 -62
751 500270 1341 42
752 501621 1351 10
753 503017 1396 45
754 504306 1289 -107
755 505695 1389 100
756 507015 1320 -69
757 508319 1304 -16
758 509643 1324 20
759 510965 1322 -2
760 512298 1333 11
761 513650 1352 19
762 514953 1303 -49
763 516359 1406 103
764 517657 1298 -108
765 519047 1390 92
766 520331 1284 -106
767 521771 1440 156
768 522981 1210 -230
769 524400 1419 209
770 525650 1250 -169
771 527093 1443 193
772 528373 1280 -163
773 529816 1443 163
774 531080 1264 -179
775 532506 1426 162
776 533771 1265 -161
777 535310 1539 274
778 536514 1204 -335
779 538073 1559 355
780 539286 1213 -346
781 540683 1397 184
782 542006 1323 -74
783 543382 1376 53
784 544717 1335 -41
785 546132 1415 80
786 547519 1387 -28
787 548920 1401 14
788 550286 1366 -35
789 551656 1370 4
790 553042 1386 16
791 554345 1303 -83
792 555858 1513 210
793 557083 1225 -288
794 558686 1603 378
795 559944 1258 -345
796 561462 1518 260
797 562766 1304 -214
798 564242 1476 172
799 565506 1264 -212
800 567008 1502 238
801 568305 1297 -205
802 569813 1508 211
803 571119 1306 -202
804 572603 1484 178
805 573917 1314 -170
806 575421 1504 190
807 576764 1343 -161
808 578248 1484 141
809 579585 1337 -147
810 581037 1452 115
811 582453 1416 -36
812 583950 1497 81
813 585367 1417 -80
814 586782 1415 -2
815 588116 1334 -81
816 589634 1518 184
817 591005 1371 -147
818 592553 1548 177
819 594025 1472 -76
820 595532 1507 35
821 596967 1435 -72
822 598455 1488 53
823 599913 1458 -30
824 601393 1480 22
825 602780 1387 -93
826 604281 1501 114
827 605644 1363 -138
828 607198 1554 191
829 608536 1338 -216
830 610081 1545 207
831 611409 1328 -217
832 612892 1483 155
833 614250 1358 -125
834 615824 1574 216
835 617243 1419 -155
836 618870 1627 208
837 620323 1453 -174
838 621827 1504 51
839 623308 1481 -23
840 624777 1469 -12
841 626196 1419 -50
842 627673 1477 58
843 629106 1433 -44
844 630640 1534 101
845 632088 1448 -86
846 633634 1546 98
847 634973 1339 -207
848 636769 1796 457
849 638391 1622 -174
850 640292 1901 279
851 641839 1547 -354
852 643700 1861 314
853 645251 1551 -310
854 647116 1865 314
855 648419 1303 -562
856 650022 1603 300
857 651388 1366 -237
858 653026 1638 272
859 654429 1403 -235
860 656035 1606 203
861 657418 1383 -223
862 658974 1556 173
863 660398 1424 -132
864 662044 1646 222
865 663446 1402 -244
866 665103 1657 255
867 666573 1470 -187
868 668204 1631 161
869 669652 1448 -183
870 671275 1623 175
871 672658 1383 -240
872 674262 1604 221
873 675618 1356 -248
874 677337 1719 363
875 678774 1437 -282
876 680365 1591 154
877 681850 1485 -106
878 683437 1587 102
879 684991 1554 -33
880 686591 1600 46
881 688115 1524 -76
882 689692 1577 53
883 691276 1584 7
884 692916 1640 56
885 694428 1512 -128
886 696059 1631 119
887 697606 1547 -84
888 699136 1530 -17
889 700687 1551 21
890 702238 1551 0
891 703800 1562 11
892 705385 1585 23
893 706912 1527 -58
894 708560 1648 121
895 710079 1519 -129
896 711708 1629 110
897 713210 1502 -127
898 714897 1687 185
899 716312 1415 -272
900 717974 1662 247
901 719435 1461 -201
902 721124 1689 228
903 722620 1496 -193
904 724308 1688 192
905 725786 1478 -210
906 727453 1667 189
907 728932 1479 -188
908 730730 1798 319
909 732137 1407 -391
910 733957 1820 413
911 735374 1417 -403
912 737005 1631 214
913 738550 1545 -86
914 740156 1606 61
915 741714 1558 -48
916 743365 1651 93
917 744983 1618 -33
918 746617 1634 16
919 748210 1593 -41
920 749807 1597 4
921 751423 1616 19
922 752941 1518 -98
923 754705 1764 246
924 756132 1427 -337
925 758000 1868 441
926 759464 1464 -404
927 761232 1768 304
928 762750 1518 -250
929 764468 1718 200
930 765940 1472 -246
931 767687 1747 275
932 769197 1510 -237
933 770950 1753 243
934 772470 1520 -233
935 774195 1725 205
936 775724 1529 -196
937 777471 1747 218
938 779033 1562 -185
939 780757 1724 162
940 782311 1554 -170
941 783997 1686 132
942 785643 1646 -40
943 787380 1737 91
944 789026 1646 -91
945 790668 1642 -4
946 792218 1550 -92
947 793979 1761 211
948 795570 1591 -170
949 797365 1795 204
950 799074 1709 -86
951 800820 1746 37
952 802485 1665 -81
953 804209 1724 59
954 805899 1690 -34
955 807614 1715 25
956 809221 1607 -108
957 810961 1740 133
958 812538 1577 -163
959 814340 1802 225
960 815887 1547 -255
961 817678 1791 244
962 819213 1535 -256
963 820933 1720 185
964 822501 1568 -152
965 824327 1826 258
966 825964 1637 -189
967 827851 1887 250
968 829525 1674 -213
969 831270 1745 71
970 832976 1706 -39
971 834680 1704 -2
972 836315 1635 -69
973 838027 1712 77
974 839678 1651 -61
975 841455 1777 126
976 843123 1668 -109
977 844913 1790 122
978 846456 1543 -247
979 848530 2074 531
980 850401 1871 -203
981 852595 2194 323
982 854380 1785 -409
983 856527 2147 362
984 858316 1789 -358
985 860467 2151 362
986 861972 1505 -646
987 863816 1844 339
988 865394 1578 -266
989 867278 1884 306
990 868899 1621 -263
991 870745 1846 225
992 872343 1598 -248
993 874129 1786 188
994 875775 1646 -140
995 877664 1889 243
996 879285 1621 -268
997 881187 1902 281
998 882884 1697 -205
999 884756 1872 175
1000 886426 1670 -202
1001 888290 1864 194
1002 889883 1593 -271
1003 891725 1842 249
1004 893287 1562 -280
1005 895261 1974 412
1006 896915 1654 -320
1007 898743 1828 174
1008 900450 1707 -121
1009 902274 1824 117
1010 904059 1785 -39
1011 905898 1839 54
1012 907647 1749 -90
1013 909460 1813 64
1014 911277 1817 4
1015 913161 1884 67
1016 914896 1735 -149
1017 916769 1873 138
1018 918543 1774 -99
1019 920299 1756 -18
1020 922077 1778 22
1021 923857 1780 2
1022 925648 1791 11
1023 927466 1818 27
1024 929217 1751 -67
1025 931107 1890 139
1026 932847 1740 -150
1027 934715 1868 128
1028 936435 1720 -148
1029 938369 1934 214
1030 939989 1620 -314
1031 941894 1905 285
1032 943566 1672 -233
1033 945501 1935 263
1034 947213 1712 -223
1035 949146 1933 221
1036 950838 1692 -241
1037 952746 1908 216
1038 954439 1693 -215
1039 956496 2057 364
1040 958106 1610 -447
1041 960187 2081 471
1042 961808 1621 -460
1043 963673 1865 244
1044 965440 1767 -98
1045 967276 1836 69
1046 969057 1781 -55
1047 970944 1887 106
1048 972793 1849 -38
1049 974660 1867 18
1050 976480 1820 -47
1051 978304 1824 4
1052 980150 1846 22
1053 981883 1733 -113
1054 983898 2015 282
1055 985527 1629 -386
1056 987660 2133 504
1057 989330 1670 -463
1058 991348 2018 348
1059 993080 1732 -286
1060 995040 1960 228
1061 996720 1680 -280
1062 998712 1992 312
1063 1000435 1723 -269
1064 1002433 1998 275
1065 1004167 1734 -264
1066 1006133 1966 232
1067 1007877 1744 -222
1068 1009867 1990 246
1069 1011648 1781 -209
1070 1013612 1964 183
1071 1015383 1771 -193
1072 1017303 1920 149
1073 1019179 1876 -44
1074 1021156 1977 101
1075 1023031 1875 -102
1076 1024900 1869 -6
1077 1026666 1766 -103
1078 1028670 2004 238
1079 1030481 1811 -193
1080 1032523 2042 231
1081 1034469 1946 -96
1082 1036454 1985 39
1083 1038349 1895 -90
1084 1040309 1960 65
1085 1042231 1922 -38
1086 1044181 1950 28
1087 1046008 1827 -123
1088 1047987 1979 152
1089 1049778 1791 -188
1090 1051828 2050 259
1091 1053584 1756 -294
1092 1055621 2037 281
1093 1057363 1742 -295
1094 1059320 1957 215
1095 1061098 1778 -179
1096 1063176 2078 300
1097 1065031 1855 -223
1098 1067178 2147 292
1099 1069073 1895 -252
1100 1071059 1986 91
1101 1072990 1931 -55
1102 1074929 1939 8
1103 1076780 1851 -88
1104 1078727 1947 96
1105 1080596 1869 -78
1106 1082616 2020 151
1107 1084504 1888 -132
1108 1086538 2034 146
1109 1088285 1747 -287
1110 1090637 2352 605
1111 1092757 2120 -232
1112 1095244 2487 367
1113 1097267 2023 -464
1114 1099700 2433 410
1115 1101727 2027 -406
1116 1104164 2437 410
1117 1105871 1707 -730
1118 1107956 2085 378
1119 1109746 1790 -295
1120 1111876 2130 340
1121 1113715 1839 -291
1122 1115801 2086 247
1123 1117614 1813 -273
1124 1119630 2016 203
1125 1121498 1868 -148
1126 1123630 2132 264
1127 1125470 1840 -292
1128 1127617 2147 307
1129 1129541 1924 -223
1130 1131654 2113 189
1131 1133546 1892 -221
1132 1135651 2105 213
1133 1137454 1803 -302
1134 1139534 2080 277
1135 1141302 1768 -312
1136 1143531 2229 461
1137 1145402 1871 -358
1138 1147467 2065 194
1139 1149396 1929 -136
1140 1151457 2061 132
1141 1153473 2016 -45
1142 1155551 2078 62
1143 1157525 1974 -104
1144 1159574 2049 75
1145 1161624 2050 1
1146 1163752 2128 78
1147 1165710 1958 -170
1148 1167825 2115 157
1149 1169826 2001 -114
1150 1171808 1982 -19
1151 1173813 2005 23
1152 1175822 2009 4
1153 1177842 2020 11
1154 1179893 2051 31
1155 1181868 1975 -76
1156 1184000 2132 157
1157 1185961 1961 -171
1158 1188068 2107 146
1159 1190006 1938 -169
1160 1192187 2181 243
1161 1194012 1825 -356
1162 1196160 2148 323
1163 1198043 1883 -265
1164 1200224 2181 298
1165 1202152 1928 -253
1166 1204330 2178 250
1167 1206236 1906 -272
1168 1208385 2149 243
1169 1210292 1907 -242
1170 1212608 2316 409
1171 1214421 1813 -503
1172 1216763 2342 529
1173 1218588 1825 -517
1174 1220687 2099 274
1175 1222676 1989 -110
1176 1224742 2066 77
1177 1226746 2004 -62
1178 1228869 2123 119
1179 1230949 2080 -43
1180 1233049 2100 20
1181 1235096 2047 -53
1182 1237147 2051 4
1183 1239223 2076 25
1184 1241171 1948 -128
1185 1243437 2266 318
1186 1245268 1831 -435
1187 1247666 2398 567
1188 1249542 1876 -522
1189 1251810 2268 392
1190 1253756 1946 -322
1191 1255958 2202 256
1192 1257846 1888 -314
1193 1260083 2237 349
1194 1262019 1936 -301
1195 1264262 2243 307
1196 1266210 1948 -295
1197 1268417 2207 259
1198 1270376 1959 -248
1199 1272609 2233 274
1200 1274609 2000 -233
1201 1276813 2204 204
1202 1278801 1988 -216
1203 1280955 2154 166
1204 1283061 2106 -48
1205 1285278 2217 111
1206 1287382 2104 -113
1207 1289478 2096 -8
1208 1291460 1982 -114
1209 1293707 2247 265
1210 1295738 2031 -216
1211 1298027 2289 258
1212 1300210 2183 -106
1213 1302434 2224 41
1214 1304559 2125 -99
1215 1306755 2196 71
1216 1308909 2154 -42
1217 1311094 2185 31
1218 1313141 2047 -138
1219 1315359 2218 171
1220 1317364 2005 -213
1221 1319662 2298 293
1222 1321627 1965 -333
1223 1323910 2283 318
1224 1325859 1949 -334
1225 1328053 2194 245
1226 1330041 1988 -206
1227 1332371 2330 342
1228 1334444 2073 -257
1229 1336851 2407 334
1230 1338967 2116 -291
1231 1341194 2227 111
1232 1343350 2156 -71
1233 1345524 2174 18
1234 1347591 2067 -107
1235 1349773 2182 115
1236 1351860 2087 -95
1237 1354123 2263 176
1238 1356231 2108 -155
1239 1358509 2278 170
1240 1360460 1951 -327
1241 1363090 2630 679
1242 1365459 2369 -261
1243 1368239 2780 411
1244 1370500 2261 -519
1245 1373219 2719 458
1246 1375484 2265 -454
1247 1378207 2723 458
1248 1380116 1909 -814
1249 1382442 2326 417
1250 1384444 2002 -324
1251 1386820 2376 374
1252 1388877 2057 -319
1253 1391203 2326 269
1254 1393231 2028 -298
1255 1395477 2246 218
1256 1397567 2090 -156
1257 1399942 2375 285
1258 1402001 2059 -316
1259 1404393 2392 333
1260 1406544 2151 -241
1261 1408898 2354 203
1262 1411012 2114 -240
1263 1413358 2346 232
1264 1415371 2013 -333
1265 1417689 2318 305
1266 1419663 1974 -344
1267 1422147 2484 510
1268 1424235 2088 -396
1269 1426537 2302 214
1270 1428688 2151 -151
1271 1430986 2298 147
1272 1433233 2247 -51
1273 1435550 2317 70
1274 1437749 2199 -118
1275 1440034 2285 86
1276 1442317 2283 -2
1277 1444689 2372 89
1278 1446870 2181 -191
1279 1449227 2357 176
1280 1451455 2228 -129
1281 1453663 2208 -20
1282 1455895 2232 24
1283 1458133 2238 6
1284 1460382 2249 11
1285 1462666 2284 35
1286 1464865 2199 -85
1287 1467239 2374 175
1288 1469421 2182 -192
1289 1471767 2346 164
1290 1473923 2156 -190
1291 1476351 2428 272
1292 1478381 2030 -398
1293 1480772 2391 361
1294 1482866 2094 -297
1295 1485293 2427 333
1296 1487437 2144 -283
1297 1489860 2423 279
1298 1491980 2120 -303
1299 1494370 2390 270
1300 1496491 2121 -269
1301 1499066 2575 454
1302 1501082 2016 -559
1303 1503685 2603 587
1304 1505714 2029 -574
1305 1508047 2333 304
1306 1510258 2211 -122
1307 1512554 2296 85
1308 1514781 2227 -69
1309 1517140 2359 132
1310 1519451 2311 -48
