0 1
1 4
2 8
3 16
4 22
5 35
6 42
7 55
8 68
9 90
10 108
11 128
12 152
13 168
14 200
15 219
16 257
17 279
18 317
19 341
20 387
21 416
22 460
23 495
24 543
25 579
26 636
27 679
28 732
29 770
30 830
31 881
32 947
33 997
34 1070
35 1125
36 1197
37 1263
38 1333
39 1400
40 1467
41 1546
42 1612
43 1696
44 1765
45 1851
46 1912
47 2010
48 2072
49 2183
50 2250
51 2377
52 2435
53 2566
54 2625
55 2748
56 2815
57 2940
58 3016
59 3144
60 3226
61 3341
62 3469
63 3597
64 3740
65 3859
66 4004
67 4127
68 4276
69 4367
70 4524
71 4618
72 4780
73 4875
74 5041
75 5134
76 5310
77 5402
78 5590
79 5678
80 5865
81 5973
82 6158
83 6274
84 6451
85 6574
86 6750
87 6870
88 7059
89 7194
90 7363
91 7516
92 7681
93 7849
94 8015
95 8189
96 8350
97 8536
98 8712
99 8886
100 9065
101 9250
102 9424
103 9613
104 9790
105 9978
106 10165
107 10348
108 10544
109 10737
110 10932
111 11126
112 11331
113 11516
114 11720
115 11915
116 12128
117 12328
118 12546
119 12740
120 12961
121 13156
122 13400
123 13589
124 13843
125 14036
126 14263
127 14476
128 14702
129 14922
130 15157
131 15389
132 15625
133 15856
134 16091
135 16327
136 16555
137 16813
138 17028
139 17306
140 17534
141 17802
142 18036
143 18302
144 18526
145 18803
146 19035
147 19318
148 19554
149 19833
150 20072
151 20361
152 20609
153 20893
154 21145
155 21427
156 21693
157 21990
158 22262
159 22542
160 22796
161 23099
162 23370
163 23683
164 23970
165 24282
166 24567
167 24875
168 25173
169 25478
170 25765
171 26071
172 26364
173 26678
174 26971
175 27286
176 27579
177 27877
178 28185
179 28499
180 28828
181 29155
182 29503
183 29802
184 30158
185 30452
186 30791
187 31093
188 31436
189 31755
190 32103
191 32429
192 32748
193 33154
194 33531
195 33967
196 34324
197 34755
198 35116
199 35551
200 35844
201 36242
202 36548
203 36956
204 37269
205 37675
206 37983
207 38389
208 38703
209 39134
210 39441
211 39873
212 40208
213 40634
214 40972
215 41390
216 41723
217 42137
218 42463
219 42907
220 43259
221 43665
222 44040
223 44442
224 44841
225 45246
226 45645
227 46042
228 46461
229 46881
230 47278
231 47699
232 48111
233 48511
234 48927
235 49333
236 49750
237 50170
238 50577
239 51015
240 51429
241 51863
242 52275
243 52727
244 53117
245 53564
246 53970
247 54429
248 54845
249 55308
250 55716
251 56178
252 56587
253 57090
254 57482
255 57997
256 58394
257 58855
258 59290
259 59746
260 60189
261 60660
262 61123
263 61592
264 62050
265 62512
266 62978
267 63421
268 63930
269 64347
270 64890
271 65324
272 65842
273 66290
274 66798
275 67230
276 67752
277 68197
278 68725
279 69175
280 69695
281 70149
282 70681
283 71148
284 71672
285 72141
286 72657
287 73153
288 73690
289 74191
290 74698
291 75168
292 75714
293 76205
294 76765
295 77289
296 77840
297 78355
298 78899
299 79429
300 79969
301 80476
302 81021
303 81528
304 82090
305 82592
306 83153
307 83653
308 84188
309 84706
310 85272
311 85819
312 86406
313 86975
314 87515
315 88096
316 88625
317 89180
318 89717
319 90278
320 90840
321 91408
322 91978
323 92501
324 93185
325 93811
326 94540
327 95135
328 95852
329 96451
330 97172
331 97667
332 98306
333 98824
334 99478
335 100009
336 100655
337 101178
338 101814
339 102350
340 103024
341 103550
342 104227
343 104789
344 105456
345 106016
346 106675
347 107218
348 107870
349 108402
350 109101
351 109670
352 110313
353 110910
354 111549
355 112179
356 112823
357 113447
358 114080
359 114732
360 115396
361 116016
362 116679
363 117318
364 117944
365 118587
366 119222
367 119868
368 120521
369 121152
370 121832
371 122467
372 123140
373 123770
374 124469
375 125064
376 125754
377 126371
378 127076
379 127708
380 128416
381 129038
382 129741
383 130364
384 131126
385 131721
386 132497
387 133098
388 133793
389 134450
390 135136
391 135802
392 136509
393 137203
394 137905
395 138590
396 139279
397 139975
398 140633
399 141393
400 142012
401 142820
402 143460
403 144228
404 144890
405 145640
406 146280
407 147047
408 147705
409 148478
410 149142
411 149903
412 150572
413 151347
414 152033
415 152797
416 153483
417 154233
418 154959
419 155736
420 156466
421 157200
422 157886
423 158675
424 159386
425 160193
426 160954
427 161744
428 162489
429 163269
430 164031
431 164806
432 165533
433 166317
434 167038
435 167848
436 168559
437 169366
438 170073
439 170845
440 171573
441 172391
442 173156
443 174003
444 174793
445 175574
446 176380
447 177144
448 177915
449 178687
450 179466
451 180271
452 181059
453 181873
454 182600
455 183562
456 184437
457 185459
458 186292
459 187295
460 188132
461 189139
462 189836
463 190716
464 191446
465 192346
466 193095
467 193981
468 194719
469 195585
470 196343
471 197260
472 198005
473 198927
474 199716
475 200624
476 201406
477 202306
478 203059
479 203949
480 204687
481 205641
482 206427
483 207307
484 208126
485 209002
486 209863
487 210746
488 211595
489 212464
490 213349
491 214257
492 215100
493 216005
494 216871
495 217723
496 218593
497 219457
498 220332
499 221218
500 222073
501 222995
502 223851
503 224763
504 225611
505 226557
506 227357
507 228290
508 229118
509 230069
510 230917
511 231870
512 232706
513 233650
514 234487
515 235508
516 236306
517 237343
518 238148
519 239077
520 239956
521 240872
522 241761
523 242704
524 243629
525 244564
526 245476
527 246392
528 247318
529 248191
530 249202
531 250023
532 251096
533 251942
534 252960
535 253836
536 254828
537 255676
538 256688
539 257559
540 258577
541 259455
542 260457
543 261341
544 262359
545 263264
546 264268
547 265171
548 266155
549 267111
550 268128
551 269087
552 270048
553 270950
554 271982
555 272913
556 273967
557 274965
558 275994
559 276969
560 277985
561 278979
562 279989
563 280936
564 281959
565 282894
566 283952
567 284872
568 285925
569 286839
570 287848
571 288786
572 289856
573 290839
574 291946
575 292957
576 293979
577 295010
578 296009
579 296996
580 298003
581 299000
582 300048
583 301056
584 302114
585 303045
586 304285
587 305409
588 306724
589 307795
590 309084
591 310159
592 311452
593 312351
594 313472
595 314414
596 315560
597 316527
598 317653
599 318606
600 319702
601 320682
602 321842
603 322806
604 323973
605 324989
606 326138
607 327142
608 328283
609 329246
610 330374
611 331318
612 332527
613 333530
614 334647
615 335688
616 336801
617 337893
618 339015
619 340089
620 341194
621 342312
622 343464
623 344530
624 345677
625 346770
626 347848
627 348945
628 350038
629 351142
630 352261
631 353340
632 354504
633 355581
634 356732
635 357798
636 358991
637 359996
638 361172
639 362211
640 363408
641 364472
642 365670
643 366720
644 367905
645 368956
646 370236
647 371237
648 372535
649 373544
650 374707
651 375808
652 376954
653 378066
654 379245
655 380401
656 381569
657 382708
658 383851
659 385007
660 386095
661 387357
662 388380
663 389718
664 390770
665 392038
666 393128
667 394362
668 395418
669 396675
670 397759
671 399022
672 400114
673 401357
674 402456
675 403717
676 404841
677 406085
678 407205
679 408423
680 409609
681 410866
682 412054
683 413242
684 414360
685 415635
686 416786
687 418087
688 419322
689 420590
690 421795
691 423047
692 424273
693 425518
694 426685
695 427947
696 429096
697 430402
698 431531
699 432830
700 433951
701 435197
702 436345
703 437667
704 438868
705 440235
706 441467
707 442730
708 443986
709 445220
710 446423
711 447665
712 448880
713 450171
714 451399
715 452701
716 453836
717 455354
718 456727
719 458335
720 459644
721 461219
722 462532
723 464111
724 465212
725 466574
726 467728
727 469120
728 470305
729 471671
730 472839
731 474165
732 475367
733 476770
734 477953
735 479365
736 480608
737 481998
738 483224
739 484606
740 485779
741 487145
742 488295
743 489759
744 490979
745 492333
746 493596
747 494946
748 496269
749 497630
750 498929
751 500270
752 501621
753 503017
754 504306
755 505695
756 507015
757 508319
758 509643
759 510965
760 512298
761 513650
762 514953
763 516359
764 517657
765 519047
766 520331
767 521771
768 522981
769 524400
770 525650
771 527093
772 528373
773 529816
774 531080
775 532506
776 533771
777 535310
778 536514
779 538073
780 539286
781 540683
782 542006
783 543382
784 544717
785 546132
786 547519
787 548920
788 550286
789 551656
790 553042
791 554345
792 555858
793 557083
794 558686
795 559944
796 561462
797 562766
798 564242
799 565506
800 567008
801 568305
802 569813
803 571119
804 572603
805 573917
806 575421
807 576764
808 578248
809 579585
810 581037
811 582453
812 583950
813 585367
814 586782
815 588116
816 589634
817 591005
818 592553
819 594025
820 595532
821 596967
822 598455
823 599913
824 601393
825 602780
826 604281
827 605644
828 607198
829 608536
830 610081
831 611409
832 612892
833 614250
834 615824
835 617243
836 618870
837 620323
838 621827
839 623308
840 624777
841 626196
842 627673
843 629106
844 630640
845 632088
846 633634
847 634973
848 636769
849 638391
850 640292
851 641839
852 643700
853 645251
854 647116
855 648419
856 650022
857 651388
858 653026
859 654429
860 656035
861 657418
862 658974
863 660398
864 662044
865 663446
866 665103
867 666573
868 668204
869 669652
870 671275
871 672658
872 674262
873 675618
874 677337
875 678774
876 680365
877 681850
878 683437
879 684991
880 686591
881 688115
882 689692
883 691276
884 692916
885 694428
886 696059
887 697606
888 699136
889 700687
890 702238
891 703800
892 705385
893 706912
894 708560
895 710079
896 711708
897 713210
898 714897
899 716312
900 717974
901 719435
902 721124
903 722620
904 724308
905 725786
906 727453
907 728932
908 730730
909 732137
910 733957
911 735374
912 737005
913 738550
914 740156
915 741714
916 743365
917 744983
918 746617
919 748210
920 749807
921 751423
922 752941
923 754705
924 756132
925 758000
926 759464
927 761232
928 762750
929 764468
930 765940
931 767687
932 769197
933 770950
934 772470
935 774195
936 775724
937 777471
938 779033
939 780757
940 782311
941 783997
942 785643
943 787380
944 789026
945 790668
946 792218
947 793979
948 795570
949 797365
950 799074
951 800820
952 802485
953 804209
954 805899
955 807614
956 809221
957 810961
958 812538
959 814340
960 815887
961 817678
962 819213
963 820933
964 822501
965 824327
966 825964
967 827851
968 829525
969 831270
970 832976
971 834680
972 836315
973 838027
974 839678
975 841455
976 843123
977 844913
978 846456
979 848530
980 850401
981 852595
982 854380
983 856527
984 858316
985 860467
986 861972
987 863816
988 865394
989 867278
990 868899
991 870745
992 872343
993 874129
994 875775
995 877664
996 879285
997 881187
998 882884
999 884756
1000 886426
1001 888290
1002 889883
1003 891725
1004 893287
1005 895261
1006 896915
1007 898743
1008 900450
1009 902274
1010 904059
1011 905898
1012 907647
1013 909460
1014 911277
1015 913161
1016 914896
1017 916769
1018 918543
1019 920299
1020 922077
1021 923857
1022 925648
1023 927466
1024 929217
1025 931107
1026 932847
1027 934715
1028 936435
1029 938369
1030 939989
1031 941894
1032 943566
1033 945501
1034 947213
1035 949146
1036 950838
1037 952746
1038 954439
1039 956496
1040 958106
1041 960187
1042 961808
1043 963673
1044 965440
1045 967276
1046 969057
1047 970944
1048 972793
524 243629 182506 121384
525 244564 182972 121384
526 245476 183426 121384
527 246392 183880 121384
528 247318 184340 121384
529 248191 184770 121384
530 249202 185272 121384
531 250023 185676 121384
532 251096 186206 121384
533 251942 186618 121384
534 252960 187118 121384
535 253836 187546 121384
536 254828 188030 121384
537 255676 188446 121384
538 256688 188936 121384
539 257559 189362 121384
540 258577 189852 121384
541 259455 190280 121384
542 260457 190762 121384
543 261341 191192 121384
544 262359 191678 121384
545 263264 192116 121384
546 264268 192596 121384
547 265171 193030 121384
548 266155 193498 121384
549 267111 193958 121384
550 268128 194438 121384
551 269087 194896 121384
552 270048 195350 121384
553 270950 195782 121384
554 271982 196268 121384
555 272913 196708 121384
556 273967 197202 121384
557 274965 197676 121384
558 275994 198154 121384
559 276969 198614 121384
560 277985 199086 121384
561 278979 199550 121384
562 279989 200020 121384
563 280936 200460 121384
564 281959 200938 121384
565 282894 201366 121384
566 283952 201862 121384
567 284872 202280 121384
568 285925 202772 121384
569 286839 203186 121384
570 287848 203660 121384
571 288786 204080 121384
572 289856 204584 121384
573 290839 205020 121384
574 291946 205540 121384
575 292957 205982 121384
576 293979 206464 121384
577 295010 206914 121384
578 296009 207384 121384
579 296996 207816 121384
580 298003 208286 121384
581 299000 208722 121384
582 300048 209208 121384
583 301056 209648 121384
584 302114 210136 121384
585 303045 210544 121384
586 304285 211100 121384
587 305409 211598 121384
588 306724 212184 121384
589 307795 212660 121384
590 309084 213232 121384
591 310159 213708 121384
592 311452 214280 121384
593 312351 214684 121384
594 313472 215166 121384
595 314414 215590 121384
596 315560 216082 121384
597 316527 216518 121384
598 317653 216998 121384
599 318606 217428 121384
600 319702 217888 121384
601 320682 218332 121384
602 321842 218818 121384
603 322806 219256 121384
604 323973 219746 121384
605 324989 220200 121384
606 326138 220682 121384
607 327142 221126 121384
608 328283 221608 121384
609 329246 222028 121384
610 330374 222504 121384
611 331318 222916 121384
612 332527 223426 121384
613 333530 223860 121384
614 334647 224334 121384
615 335688 224778 121384
616 336801 225252 121384
617 337893 225714 121384
618 339015 226192 121384
619 340089 226642 121384
620 341194 227114 121384
621 342312 227580 121384
622 343464 228068 121384
623 344530 228514 121384
624 345677 228998 121384
625 346770 229452 121384
626 347848 229904 121384
627 348945 230358 121384
628 350038 230816 121384
629 351142 231274 121384
630 352261 231740 121384
631 353340 232188 121384
632 354504 232672 121384
633 355581 233114 121384
634 356732 233592 121384
635 357798 234028 121384
636 358991 234522 121384
637 359996 234932 121384
638 361172 235418 121384
639 362211 235840 121384
640 363408 236332 121384
641 364472 236764 121384
642 365670 237254 121384
643 366720 237682 121384
644 367905 238164 121384
645 368956 238592 121384
646 370236 239110 121384
647 371237 239516 121384
648 372535 240038 121384
649 373544 240446 121384
650 374707 240914 121384
651 375808 241358 121384
652 376954 241818 121384
653 378066 242264 121384
654 379245 242736 121384
655 380401 243198 121384
656 381569 243664 121384
657 382708 244118 121384
658 383851 244572 121384
659 385007 245032 121384
660 386095 245462 121384
661 387357 245964 121384
662 388380 246368 121384
663 389718 246898 121384
664 390770 247310 121384
665 392038 247810 121384
666 393128 248238 121384
667 394362 248722 121384
668 395418 249138 121384
669 396675 249628 121384
670 397759 250054 121384
671 399022 250544 121384
672 400114 250972 121384
673 401357 251454 121384
674 402456 251884 121384
675 403717 252370 121384
676 404841 252808 121384
677 406085 253288 121384
678 407205 253722 121384
679 408423 254190 121384
680 409609 254650 121384
681 410866 255130 121384
682 412054 255588 121384
683 413242 256042 121384
684 414360 256474 121384
685 415635 256960 121384
686 416786 257400 121384
687 418087 257894 121384
688 419322 258368 121384
689 420590 258846 121384
690 421795 259306 121384
691 423047 259778 121384
692 424273 260242 121384
693 425518 260712 121384
694 426685 261152 121384
695 427947 261630 121384
696 429096 262058 121384
697 430402 262554 121384
698 431531 262972 121384
699 432830 263464 121384
700 433951 263878 121384
701 435197 264352 121384
702 436345 264772 121384
703 437667 265276 121384
704 438868 265712 121384
705 440235 266232 121384
706 441467 266674 121384
707 442730 267156 121384
708 443986 267606 121384
709 445220 268076 121384
710 446423 268508 121384
711 447665 268978 121384
712 448880 269414 121384
713 450171 269900 121384
714 451399 270340 121384
715 452701 270828 121384
716 453836 271236 121384
717 455354 271792 121384
718 456727 272290 121384
719 458335 272876 121384
720 459644 273352 121384
721 461219 273924 121384
722 462532 274400 121384
723 464111 274972 121384
724 465212 275376 121384
725 466574 275858 121384
726 467728 276282 121384
727 469120 276774 121384
728 470305 277210 121384
729 471671 277690 121384
730 472839 278120 121384
731 474165 278580 121384
732 475367 279024 121384
733 476770 279510 121384
734 477953 279948 121384
735 479365 280438 121384
736 480608 280892 121384
737 481998 281374 121384
738 483224 281818 121384
739 484606 282300 121384
740 485779 282720 121384
741 487145 283196 121384
742 488295 283608 121384
743 489759 284118 121384
744 490979 284552 121384
745 492333 285026 121384
746 493596 285470 121384
747 494946 285944 121384
748 496269 286406 121384
749 497630 286884 121384
750 498929 287334 121384
751 500270 287806 121384
752 501621 288272 121384
753 503017 288760 121384
754 504306 289206 121384
755 505695 289690 121384
756 507015 290144 121384
757 508319 290596 121384
758 509643 291050 121384
759 510965 291508 121384
760 512298 291966 121384
761 513650 292432 121384
762 514953 292880 121384
763 516359 293364 121384
764 517657 293806 121384
765 519047 294284 121384
766 520331 294720 121384
767 521771 295214 121384
768 522981 295624 121384
769 524400 296110 121384
770 525650 296532 121384
771 527093 297024 121384
772 528373 297456 121384
773 529816 297946 121384
774 531080 298374 121384
775 532506 298856 121384
776 533771 299284 121384
777 535310 299802 121384
778 536514 300208 121384
779 538073 300730 121384
780 539286 301138 121384
781 540683 301606 121384
782 542006 302050 121384
783 543382 302510 121384
784 544717 302956 121384
785 546132 303428 121384
786 547519 303890 121384
787 548920 304356 121384
788 550286 304810 121384
789 551656 305264 121384
790 553042 305724 121384
791 554345 306154 121384
792 555858 306656 121384
793 557083 307060 121384
794 558686 307590 121384
795 559944 308002 121384
796 561462 308502 121384
797 562766 308930 121384
798 564242 309414 121384
799 565506 309830 121384
800 567008 310320 121384
801 568305 310746 121384
802 569813 311236 121384
803 571119 311664 121384
804 572603 312146 121384
805 573917 312576 121384
806 575421 313062 121384
807 576764 313500 121384
808 578248 313980 121384
809 579585 314414 121384
810 581037 314882 121384
811 582453 315342 121384
812 583950 315822 121384
813 585367 316280 121384
814 586782 316734 121384
815 588116 317166 121384
816 589634 317652 121384
817 591005 318092 121384
818 592553 318586 121384
819 594025 319060 121384
820 595532 319538 121384
821 596967 319998 121384
822 598455 320470 121384
823 599913 320934 121384
824 601393 321404 121384
825 602780 321844 121384
826 604281 322322 121384
827 605644 322750 121384
828 607198 323246 121384
829 608536 323664 121384
830 610081 324156 121384
831 611409 324570 121384
832 612892 325044 121384
833 614250 325464 121384
834 615824 325968 121384
835 617243 326404 121384
836 618870 326924 121384
837 620323 327366 121384
838 621827 327848 121384
839 623308 328298 121384
840 624777 328768 121384
841 626196 329200 121384
842 627673 329670 121384
843 629106 330106 121384
844 630640 330592 121384
845 632088 331032 121384
846 633634 331520 121384
847 634973 331928 121384
848 636769 332484 121384
849 638391 332982 121384
850 640292 333568 121384
851 641839 334044 121384
852 643700 334616 121384
853 645251 335092 121384
854 647116 335664 121384
855 648419 336068 121384
856 650022 336550 121384
857 651388 336974 121384
858 653026 337466 121384
859 654429 337902 121384
860 656035 338382 121384
861 657418 338812 121384
862 658974 339272 121384
863 660398 339716 121384
864 662044 340202 121384
865 663446 340640 121384
866 665103 341130 121384
867 666573 341584 121384
868 668204 342066 121384
869 669652 342510 121384
870 671275 342992 121384
871 672658 343412 121384
872 674262 343888 121384
873 675618 344300 121384
874 677337 344810 121384
875 678774 345244 121384
876 680365 345718 121384
877 681850 346162 121384
878 683437 346636 121384
879 684991 347098 121384
880 686591 347576 121384
881 688115 348026 121384
882 689692 348498 121384
883 691276 348964 121384
884 692916 349452 121384
885 694428 349898 121384
886 696059 350382 121384
887 697606 350836 121384
888 699136 351288 121384
889 700687 351742 121384
890 702238 352200 121384
891 703800 352658 121384
892 705385 353124 121384
893 706912 353572 121384
894 708560 354056 121384
895 710079 354498 121384
896 711708 354976 121384
897 713210 355412 121384
898 714897 355906 121384
899 716312 356316 121384
900 717974 356802 121384
901 719435 357224 121384
902 721124 357716 121384
903 722620 358148 121384
904 724308 358638 121384
905 725786 359066 121384
906 727453 359548 121384
907 728932 359976 121384
908 730730 360494 121384
909 732137 360900 121384
910 733957 361422 121384
911 735374 361830 121384
912 737005 362298 121384
913 738550 362742 121384
914 740156 363202 121384
915 741714 363648 121384
916 743365 364120 121384
917 744983 364582 121384
918 746617 365048 121384
919 748210 365502 121384
920 749807 365956 121384
921 751423 366416 121384
922 752941 366846 121384
923 754705 367348 121384
924 756132 367752 121384
925 758000 368282 121384
926 759464 368694 121384
927 761232 369194 121384
928 762750 369622 121384
929 764468 370106 121384
930 765940 370522 121384
931 767687 371012 121384
932 769197 371438 121384
933 770950 371928 121384
934 772470 372356 121384
935 774195 372838 121384
936 775724 373268 121384
937 777471 373754 121384
938 779033 374192 121384
939 780757 374672 121384
940 782311 375106 121384
941 783997 375574 121384
942 785643 376034 121384
943 787380 376514 121384
944 789026 376972 121384
945 790668 377426 121384
946 792218 377858 121384
947 793979 378344 121384
948 795570 378784 121384
949 797365 379278 121384
950 799074 379752 121384
951 800820 380230 121384
952 802485 380690 121384
953 804209 381162 121384
954 805899 381626 121384
955 807614 382096 121384
956 809221 382536 121384
957 810961 383014 121384
958 812538 383442 121384
959 814340 383938 121384
960 815887 384356 121384
961 817678 384848 121384
962 819213 385262 121384
963 820933 385736 121384
964 822501 386156 121384
965 824327 386660 121384
966 825964 387096 121384
967 827851 387616 121384
968 829525 388058 121384
969 831270 388540 121384
970 832976 388990 121384
971 834680 389460 121384
972 836315 389892 121384
973 838027 390362 121384
974 839678 390798 121384
975 841455 391284 121384
976 843123 391724 121384
977 844913 392212 121384
978 846456 392620 121384
979 848530 393176 121384
980 850401 393674 121384
981 852595 394260 121384
982 854380 394736 121384
983 856527 395308 121384
984 858316 395784 121384
985 860467 396356 121384
986 861972 396760 121384
987 863816 397242 121384
988 865394 397666 121384
989 867278 398158 121384
990 868899 398594 121384
991 870745 399074 121384
992 872343 399504 121384
993 874129 399964 121384
994 875775 400408 121384
995 877664 400894 121384
996 879285 401332 121384
997 881187 401822 121384
998 882884 402276 121384
999 884756 402758 121384
1000 886426 403202 121384
1001 888290 403684 121384
1002 889883 404104 121384
1003 891725 404580 121384
1004 893287 404992 121384
1005 895261 405502 121384
1006 896915 405936 121384
1007 898743 406410 121384
1008 900450 406854 121384
1009 902274 407328 121384
1010 904059 407790 121384
1011 905898 408268 121384
1012 907647 408718 121384
1013 909460 409190 121384
1014 911277 409656 121384
1015 913161 410144 121384
1016 914896 410590 121384
1017 916769 411074 121384
1018 918543 411528 121384
1019 920299 411980 121384
1020 922077 412434 121384
1021 923857 412892 121384
1022 925648 413350 121384
1023 927466 413816 121384
1024 929217 414264 121384
1025 931107 414748 121384
1026 932847 415190 121384
1027 934715 415668 121384
1028 936435 416104 121384
1029 938369 416598 121384
1030 939989 417008 121384
1031 941894 417494 121384
1032 943566 417916 121384
1033 945501 418408 121384
1034 947213 418840 121384
1035 949146 419330 121384
1036 950838 419758 121384
1037 952746 420240 121384
1038 954439 420668 121384
1039 956496 421186 121384
1040 958106 421592 121384
1041 960187 422114 121384
1042 961808 422522 121384
1043 963673 422990 121384
1044 965440 423434 121384
1045 967276 423894 121384
1046 969057 424340 121384
1047 970944 424812 121384
1048 972793 425274 121384
